<?xml version="1.0" encoding="UTF-8"?>
<testng-results ignored="0" total="5" passed="5" failed="0" skipped="0">
  <reporter-output>
  </reporter-output>
  <suite started-at="2026-02-15T00:14:53 IST" name="BrowserStackSuite" finished-at="2026-02-15T00:16:29 IST" duration-ms="95834">
    <groups>
    </groups>
    <test started-at="2026-02-15T00:14:53 IST" name="Chrome_Android" finished-at="2026-02-15T00:16:03 IST" duration-ms="69748">
      <class name="com.assignment.tests.TestSelenium">
        <test-method is-config="true" signature="setUp(java.lang.String,java.lang.String,java.lang.String,java.lang.String)[pri:0, instance:com.assignment.tests.TestSelenium@2a65fe7c]" started-at="2026-02-15T00:14:53 IST" name="setUp" finished-at="2026-02-15T00:15:10 IST" duration-ms="17344" status="PASS">
          <params>
            <param index="0">
              <value>
                <![CDATA[Chrome]]>
              </value>
            </param>
            <param index="1">
              <value>
                <![CDATA[]]>
              </value>
            </param>
            <param index="2">
              <value>
                <![CDATA[13.0]]>
              </value>
            </param>
            <param index="3">
              <value>
                <![CDATA[Google Pixel 7]]>
              </value>
            </param>
          </params>
          <reporter-output>
          </reporter-output>
        </test-method> <!-- setUp -->
        <test-method signature="scrapeAndAnalyzeOpinionSection()[pri:0, instance:com.assignment.tests.TestSelenium@2a65fe7c]" started-at="2026-02-15T00:15:10 IST" name="scrapeAndAnalyzeOpinionSection" finished-at="2026-02-15T00:16:01 IST" duration-ms="50774" status="PASS">
          <reporter-output>
          </reporter-output>
        </test-method> <!-- scrapeAndAnalyzeOpinionSection -->
        <test-method is-config="true" signature="tearDown()[pri:0, instance:com.assignment.tests.TestSelenium@2a65fe7c]" started-at="2026-02-15T00:16:01 IST" name="tearDown" finished-at="2026-02-15T00:16:03 IST" duration-ms="1498" status="PASS">
          <reporter-output>
          </reporter-output>
        </test-method> <!-- tearDown -->
      </class> <!-- com.assignment.tests.TestSelenium -->
    </test> <!-- Chrome_Android -->
    <test started-at="2026-02-15T00:14:53 IST" name="Chrome_Mac" finished-at="2026-02-15T00:16:19 IST" duration-ms="86117">
      <class name="com.assignment.tests.TestSelenium">
        <test-method is-config="true" signature="setUp(java.lang.String,java.lang.String,java.lang.String,java.lang.String)[pri:0, instance:com.assignment.tests.TestSelenium@799f10e1]" started-at="2026-02-15T00:14:53 IST" name="setUp" finished-at="2026-02-15T00:15:00 IST" duration-ms="6756" status="PASS">
          <params>
            <param index="0">
              <value>
                <![CDATA[Chrome]]>
              </value>
            </param>
            <param index="1">
              <value>
                <![CDATA[OS X]]>
              </value>
            </param>
            <param index="2">
              <value>
                <![CDATA[Monterey]]>
              </value>
            </param>
            <param index="3">
              <value>
                <![CDATA[]]>
              </value>
            </param>
          </params>
          <reporter-output>
          </reporter-output>
        </test-method> <!-- setUp -->
        <test-method signature="scrapeAndAnalyzeOpinionSection()[pri:0, instance:com.assignment.tests.TestSelenium@799f10e1]" started-at="2026-02-15T00:15:00 IST" name="scrapeAndAnalyzeOpinionSection" finished-at="2026-02-15T00:16:17 IST" duration-ms="77323" status="PASS">
          <reporter-output>
          </reporter-output>
        </test-method> <!-- scrapeAndAnalyzeOpinionSection -->
        <test-method is-config="true" signature="tearDown()[pri:0, instance:com.assignment.tests.TestSelenium@799f10e1]" started-at="2026-02-15T00:16:17 IST" name="tearDown" finished-at="2026-02-15T00:16:19 IST" duration-ms="1922" status="PASS">
          <reporter-output>
          </reporter-output>
        </test-method> <!-- tearDown -->
      </class> <!-- com.assignment.tests.TestSelenium -->
    </test> <!-- Chrome_Mac -->
    <test started-at="2026-02-15T00:14:53 IST" name="Safari_Mac" finished-at="2026-02-15T00:16:21 IST" duration-ms="88442">
      <class name="com.assignment.tests.TestSelenium">
        <test-method is-config="true" signature="setUp(java.lang.String,java.lang.String,java.lang.String,java.lang.String)[pri:0, instance:com.assignment.tests.TestSelenium@3023df74]" started-at="2026-02-15T00:14:53 IST" name="setUp" finished-at="2026-02-15T00:15:04 IST" duration-ms="11219" status="PASS">
          <params>
            <param index="0">
              <value>
                <![CDATA[Safari]]>
              </value>
            </param>
            <param index="1">
              <value>
                <![CDATA[OS X]]>
              </value>
            </param>
            <param index="2">
              <value>
                <![CDATA[Monterey]]>
              </value>
            </param>
            <param index="3">
              <value>
                <![CDATA[]]>
              </value>
            </param>
          </params>
          <reporter-output>
          </reporter-output>
        </test-method> <!-- setUp -->
        <test-method signature="scrapeAndAnalyzeOpinionSection()[pri:0, instance:com.assignment.tests.TestSelenium@3023df74]" started-at="2026-02-15T00:15:04 IST" name="scrapeAndAnalyzeOpinionSection" finished-at="2026-02-15T00:16:19 IST" duration-ms="75248" status="PASS">
          <reporter-output>
          </reporter-output>
        </test-method> <!-- scrapeAndAnalyzeOpinionSection -->
        <test-method is-config="true" signature="tearDown()[pri:0, instance:com.assignment.tests.TestSelenium@3023df74]" started-at="2026-02-15T00:16:19 IST" name="tearDown" finished-at="2026-02-15T00:16:21 IST" duration-ms="1857" status="PASS">
          <reporter-output>
          </reporter-output>
        </test-method> <!-- tearDown -->
      </class> <!-- com.assignment.tests.TestSelenium -->
    </test> <!-- Safari_Mac -->
    <test started-at="2026-02-15T00:14:53 IST" name="Chrome_Windows" finished-at="2026-02-15T00:16:25 IST" duration-ms="92081">
      <class name="com.assignment.tests.TestSelenium">
        <test-method is-config="true" signature="setUp(java.lang.String,java.lang.String,java.lang.String,java.lang.String)[pri:0, instance:com.assignment.tests.TestSelenium@6aba2b86]" started-at="2026-02-15T00:14:53 IST" name="setUp" finished-at="2026-02-15T00:15:04 IST" duration-ms="10638" status="PASS">
          <params>
            <param index="0">
              <value>
                <![CDATA[Chrome]]>
              </value>
            </param>
            <param index="1">
              <value>
                <![CDATA[Windows]]>
              </value>
            </param>
            <param index="2">
              <value>
                <![CDATA[11]]>
              </value>
            </param>
            <param index="3">
              <value>
                <![CDATA[]]>
              </value>
            </param>
          </params>
          <reporter-output>
          </reporter-output>
        </test-method> <!-- setUp -->
        <test-method signature="scrapeAndAnalyzeOpinionSection()[pri:0, instance:com.assignment.tests.TestSelenium@6aba2b86]" started-at="2026-02-15T00:15:04 IST" name="scrapeAndAnalyzeOpinionSection" finished-at="2026-02-15T00:16:23 IST" duration-ms="79830" status="PASS">
          <reporter-output>
          </reporter-output>
        </test-method> <!-- scrapeAndAnalyzeOpinionSection -->
        <test-method is-config="true" signature="tearDown()[pri:0, instance:com.assignment.tests.TestSelenium@6aba2b86]" started-at="2026-02-15T00:16:23 IST" name="tearDown" finished-at="2026-02-15T00:16:25 IST" duration-ms="1498" status="PASS">
          <reporter-output>
          </reporter-output>
        </test-method> <!-- tearDown -->
      </class> <!-- com.assignment.tests.TestSelenium -->
    </test> <!-- Chrome_Windows -->
    <test started-at="2026-02-15T00:14:53 IST" name="Edge_Windows" finished-at="2026-02-15T00:16:29 IST" duration-ms="95834">
      <class name="com.assignment.tests.TestSelenium">
        <test-method is-config="true" signature="setUp(java.lang.String,java.lang.String,java.lang.String,java.lang.String)[pri:0, instance:com.assignment.tests.TestSelenium@689604d9]" started-at="2026-02-15T00:14:53 IST" name="setUp" finished-at="2026-02-15T00:15:01 IST" duration-ms="7801" status="PASS">
          <params>
            <param index="0">
              <value>
                <![CDATA[Edge]]>
              </value>
            </param>
            <param index="1">
              <value>
                <![CDATA[Windows]]>
              </value>
            </param>
            <param index="2">
              <value>
                <![CDATA[11]]>
              </value>
            </param>
            <param index="3">
              <value>
                <![CDATA[]]>
              </value>
            </param>
          </params>
          <reporter-output>
          </reporter-output>
        </test-method> <!-- setUp -->
        <test-method signature="scrapeAndAnalyzeOpinionSection()[pri:0, instance:com.assignment.tests.TestSelenium@689604d9]" started-at="2026-02-15T00:15:01 IST" name="scrapeAndAnalyzeOpinionSection" finished-at="2026-02-15T00:16:27 IST" duration-ms="86246" status="PASS">
          <reporter-output>
          </reporter-output>
        </test-method> <!-- scrapeAndAnalyzeOpinionSection -->
        <test-method is-config="true" signature="tearDown()[pri:0, instance:com.assignment.tests.TestSelenium@689604d9]" started-at="2026-02-15T00:16:27 IST" name="tearDown" finished-at="2026-02-15T00:16:29 IST" duration-ms="1670" status="PASS">
          <reporter-output>
          </reporter-output>
        </test-method> <!-- tearDown -->
      </class> <!-- com.assignment.tests.TestSelenium -->
    </test> <!-- Edge_Windows -->
  </suite> <!-- BrowserStackSuite -->
</testng-results>
