<?xml version="1.0" encoding="UTF-8"?>
<testsuite xmlns:xsi="http://www.w3.org/2001/XMLSchema-instance" xsi:noNamespaceSchemaLocation="https://maven.apache.org/surefire/maven-surefire-plugin/xsd/surefire-test-report-3.0.xsd" version="3.0" name="TestSuite" time="96.795" tests="5" errors="0" skipped="0" failures="0">
  <properties>
[...]
</properties>
  <testcase name="scrapeAndAnalyzeOpinionSection" classname="com.assignment.tests.TestSelenium" time="50.808">
    <system-out><![CDATA[Testing on Desktop: Windows 11 - Chrome
Testing on Desktop: OS X Monterey - Chrome
Testing on Mobile: Google Pixel 7 - Chrome
Testing on Desktop: OS X Monterey - Safari
Testing on Desktop: Windows 11 - Edge

======================================================================
STARTING EL PAÍS OPINION SECTION SCRAPER
======================================================================

[1/5] Navigating to El País Opinion section...

======================================================================
STARTING EL PAÍS OPINION SECTION SCRAPER
======================================================================

[1/5] Navigating to El País Opinion section...

======================================================================
STARTING EL PAÍS OPINION SECTION SCRAPER
======================================================================

[1/5] Navigating to El País Opinion section...

======================================================================
STARTING EL PAÍS OPINION SECTION SCRAPER
======================================================================

[1/5] Navigating to El País Opinion section...

[2/5] Verifying website language...
✓ Website language detected: es-ES

[3/5] Scraping articles from Opinion section...
✓ Found 15 total articles on page

----------------------------------------------------------------------
ARTICLE #1
----------------------------------------------------------------------
Spanish Title: Competitividad desde el realismo
Spanish Content: La propuesta de ‘comprar europeo’ resulta acertada si se limita a sectores estratégicos donde exista una dependencia exterior
✗ No cover image available for this article

----------------------------------------------------------------------
ARTICLE #2
----------------------------------------------------------------------
Spanish Title: Anexión ilegal de Cisjordania
Spanish Content: El Gobierno de Netanyahu avanza en su proyecto de anular cualquier viabilidad del territorio palestino ante la pasividad internacional
✗ No cover image available for this article

----------------------------------------------------------------------
ARTICLE #3
----------------------------------------------------------------------
Spanish Title: La regularización es solo el principio
✗ No cover image available for this article

----------------------------------------------------------------------
ARTICLE #4
----------------------------------------------------------------------
Spanish Title: Cipayuso
✗ No cover image available for this article

----------------------------------------------------------------------
ARTICLE #5
----------------------------------------------------------------------
Spanish Title: PP y PSOE enamorados (o el milagro de San Valentín)
✗ No cover image available for this article

✓ Successfully scraped 5 articles

[4/5] Translating article headers to English...
(Using Google Translate API via RapidAPI - waiting 15 seconds between calls)

Translating article #1...
  Original (ES): Competitividad desde el realismo

======================================================================
STARTING EL PAÍS OPINION SECTION SCRAPER
======================================================================

[1/5] Navigating to El País Opinion section...
  Translated (EN): Competitiveness from realism

⏳ Waiting 15 seconds before next translation...

[2/5] Verifying website language...
✓ Website language detected: es-ES

[3/5] Scraping articles from Opinion section...
✓ Found 15 total articles on page

----------------------------------------------------------------------
ARTICLE #1
----------------------------------------------------------------------
Spanish Title: Competitividad desde el realismo
Spanish Content: La propuesta de ‘comprar europeo’ resulta acertada si se limita a sectores estratégicos donde exista una dependencia exterior 
✗ No cover image available for this article

----------------------------------------------------------------------
ARTICLE #2
----------------------------------------------------------------------
Spanish Title: Anexión ilegal de Cisjordania
Spanish Content: El Gobierno de Netanyahu avanza en su proyecto de anular cualquier viabilidad del territorio palestino ante la pasividad internacional
✗ No cover image available for this article

----------------------------------------------------------------------
ARTICLE #3
----------------------------------------------------------------------
Spanish Title: Feminismo de escalera plegable
Spanish Content: La memoria de las mujeres no puede construirse sobre la desmemoria o sobre cambios simplemente nominalistas 
✗ No cover image available for this article

----------------------------------------------------------------------
ARTICLE #4
----------------------------------------------------------------------
Spanish Title: Agrupémonos todos
Spanish Content: Las fuerzas progresistas se pelean con saña hasta que el triunfo del enemigo contra el que no supieron unirse les descubre que tienen en común la cárcel, la persecución, el exilio
✓ Downloaded: article_4_image.jpg

----------------------------------------------------------------------
ARTICLE #5
----------------------------------------------------------------------
Spanish Title: ‘Termodinámica de un beso’

[2/5] Verifying website language...
Spanish Content: Donde todo se muestra, la seducción desaparece.  La fantasía necesita de lo desconocido, de aquello que no se entrega por completo a la mirada. El beso se vuelve rastro de una huella de calor, a través de una cámara que no capta la luz visible sino la irradiación térmica.  Estas imágenes hablan de lo invisible: de aquello que la fotografía apenas puede rozar y no puede poseer. En un mundo saturado de imágenes nítidas y relatos cerrados, el beso, el gesto de amor, aparece aquí como una forma de resistencia
✓ Website language detected: es-ES

[3/5] Scraping articles from Opinion section...
✓ Downloaded: article_5_image.jpg

✓ Successfully scraped 5 articles

[4/5] Translating article headers to English...
(Using Google Translate API via RapidAPI - waiting 15 seconds between calls)

Translating article #1...
  Original (ES): Competitividad desde el realismo
✓ Found 15 total articles on page

----------------------------------------------------------------------
ARTICLE #1
----------------------------------------------------------------------
Spanish Title: Competitividad desde el realismo
  Translated (EN): Competitiveness from realism

⏳ Waiting 15 seconds before next translation...

[2/5] Verifying website language...
Spanish Content: La propuesta de ‘comprar europeo’ resulta acertada si se limita a sectores estratégicos donde exista una dependencia exterior
✓ Website language detected: es-ES

[3/5] Scraping articles from Opinion section...
✗ No cover image available for this article
✓ Found 15 total articles on page

----------------------------------------------------------------------
ARTICLE #1
----------------------------------------------------------------------
Spanish Title: Competitividad desde el realismo

----------------------------------------------------------------------
ARTICLE #2
----------------------------------------------------------------------
Spanish Title: Anexión ilegal de Cisjordania
Spanish Content: La propuesta de ‘comprar europeo’ resulta acertada si se limita a sectores estratégicos donde exista una dependencia exterior
✗ No cover image available for this article
Spanish Content: El Gobierno de Netanyahu avanza en su proyecto de anular cualquier viabilidad del territorio palestino ante la pasividad internacional

----------------------------------------------------------------------
ARTICLE #2
----------------------------------------------------------------------
Spanish Title: Anexión ilegal de Cisjordania
Spanish Content: El Gobierno de Netanyahu avanza en su proyecto de anular cualquier viabilidad del territorio palestino ante la pasividad internacional
✗ No cover image available for this article
✗ No cover image available for this article

----------------------------------------------------------------------
ARTICLE #3
----------------------------------------------------------------------
Spanish Title: La regularización es solo el principio
✗ No cover image available for this article

----------------------------------------------------------------------
ARTICLE #4
----------------------------------------------------------------------
Spanish Title: Cipayuso
✗ No cover image available for this article

----------------------------------------------------------------------
ARTICLE #5
----------------------------------------------------------------------
Spanish Title: PP y PSOE enamorados (o el milagro de San Valentín)

----------------------------------------------------------------------
ARTICLE #3
----------------------------------------------------------------------
Spanish Title: La regularización es solo el principio
✗ No cover image available for this article

✓ Successfully scraped 5 articles

[4/5] Translating article headers to English...
(Using Google Translate API via RapidAPI - waiting 15 seconds between calls)

Translating article #1...
  Original (ES): Competitividad desde el realismo
✗ No cover image available for this article

----------------------------------------------------------------------
ARTICLE #4
----------------------------------------------------------------------
Spanish Title: Cipayuso
  Translated (EN): Competitiveness from realism

⏳ Waiting 15 seconds before next translation...
✗ No cover image available for this article

----------------------------------------------------------------------
ARTICLE #5
----------------------------------------------------------------------
Spanish Title: PP y PSOE enamorados (o el milagro de San Valentín)
✗ No cover image available for this article

✓ Successfully scraped 5 articles

[4/5] Translating article headers to English...
(Using Google Translate API via RapidAPI - waiting 15 seconds between calls)

Translating article #1...
  Original (ES): Competitividad desde el realismo

[2/5] Verifying website language...
✓ Website language detected: es-ES

[3/5] Scraping articles from Opinion section...
✓ Found 15 total articles on page

----------------------------------------------------------------------
ARTICLE #1
----------------------------------------------------------------------
Spanish Title: Competitividad desde el realismo
  Translated (EN): Competitiveness from realism

⏳ Waiting 15 seconds before next translation...
Spanish Content: La propuesta de ‘comprar europeo’ resulta acertada si se limita a sectores estratégicos donde exista una dependencia exterior
✗ No cover image available for this article

----------------------------------------------------------------------
ARTICLE #2
----------------------------------------------------------------------
Spanish Title: Anexión ilegal de Cisjordania
Spanish Content: El Gobierno de Netanyahu avanza en su proyecto de anular cualquier viabilidad del territorio palestino ante la pasividad internacional
✗ No cover image available for this article

----------------------------------------------------------------------
ARTICLE #3
----------------------------------------------------------------------
Spanish Title: Feminismo de escalera plegable
Spanish Content: La memoria de las mujeres no puede construirse sobre la desmemoria o sobre cambios simplemente nominalistas
✗ No cover image available for this article

Translating article #2...
  Original (ES): Anexión ilegal de Cisjordania

✓ Successfully scraped 3 articles

[4/5] Translating article headers to English...
(Using Google Translate API via RapidAPI - waiting 15 seconds between calls)

Translating article #1...
  Original (ES): Competitividad desde el realismo
  Translated (EN): Illegal annexation of the West Bank

⏳ Waiting 15 seconds before next translation...
  Translated (EN): Competitiveness from realism

⏳ Waiting 15 seconds before next translation...

Translating article #2...
  Original (ES): Anexión ilegal de Cisjordania
  Translated (EN): Illegal annexation of the West Bank

⏳ Waiting 15 seconds before next translation...

Translating article #2...
  Original (ES): Anexión ilegal de Cisjordania
  Translated (EN): Illegal annexation of the West Bank

⏳ Waiting 15 seconds before next translation...

Translating article #2...
  Original (ES): Anexión ilegal de Cisjordania
  Translated (EN): Illegal annexation of the West Bank

⏳ Waiting 15 seconds before next translation...

Translating article #3...
  Original (ES): La regularización es solo el principio

Translating article #2...
  Original (ES): Anexión ilegal de Cisjordania
  Translated (EN): Regularization is just the beginning

⏳ Waiting 15 seconds before next translation...
  Translated (EN): Illegal annexation of the West Bank

⏳ Waiting 15 seconds before next translation...

Translating article #3...
  Original (ES): Feminismo de escalera plegable
  Translated (EN): Folding ladder feminism

⏳ Waiting 15 seconds before next translation...

Translating article #3...
  Original (ES): La regularización es solo el principio
  Translated (EN): Regularization is just the beginning

⏳ Waiting 15 seconds before next translation...

Translating article #3...
  Original (ES): La regularización es solo el principio
  Translated (EN): Regularization is just the beginning

⏳ Waiting 15 seconds before next translation...

Translating article #4...
  Original (ES): Cipayuso

Translating article #3...
  Original (ES): Feminismo de escalera plegable
  Translated (EN): Sepoyuso

⏳ Waiting 15 seconds before next translation...
  Translated (EN): Folding ladder feminism

✓ Translation complete!

[5/5] Analyzing translated headers for word frequency...

======================================================================
WORD FREQUENCY ANALYSIS
Words repeated MORE than 2 times across all headers:
======================================================================
  No words repeated more than 2 times.
======================================================================

======================================================================
TEST COMPLETED SUCCESSFULLY!
======================================================================

]]></system-out>
    <system-err><![CDATA[SLF4J(W): No SLF4J providers were found.
SLF4J(W): Defaulting to no-operation (NOP) logger implementation
SLF4J(W): See https://www.slf4j.org/codes.html#noProviders for further details.
Feb 15, 2026 12:14:53 AM org.openqa.selenium.remote.tracing.opentelemetry.OpenTelemetryTracer createTracer
INFO: Using OpenTelemetry for tracing
]]></system-err>
  </testcase>
  <testcase name="scrapeAndAnalyzeOpinionSection" classname="com.assignment.tests.TestSelenium" time="66.738">
    <system-out><![CDATA[
Translating article #4...
  Original (ES): Agrupémonos todos
  Translated (EN): Let's all group together

⏳ Waiting 15 seconds before next translation...

Translating article #4...
  Original (ES): Cipayuso
  Translated (EN): Sepoyuso

⏳ Waiting 15 seconds before next translation...

Translating article #4...
  Original (ES): Cipayuso
  Translated (EN): Sepoyuso

⏳ Waiting 15 seconds before next translation...

Translating article #5...
  Original (ES): PP y PSOE enamorados (o el milagro de San Valentín)
  Translated (EN): PP and PSOE in love (or the miracle of Valentine's Day)

✓ Translation complete!

[5/5] Analyzing translated headers for word frequency...

======================================================================
WORD FREQUENCY ANALYSIS
Words repeated MORE than 2 times across all headers:
======================================================================
  'the' - appears 3 times
======================================================================

======================================================================
TEST COMPLETED SUCCESSFULLY!
======================================================================

]]></system-out>
  </testcase>
  <testcase name="scrapeAndAnalyzeOpinionSection" classname="com.assignment.tests.TestSelenium" time="69.126">
    <system-out><![CDATA[
Translating article #5...
  Original (ES): ‘Termodinámica de un beso’
  Translated (EN): 'Thermodynamics of a kiss'

✓ Translation complete!

[5/5] Analyzing translated headers for word frequency...

======================================================================
WORD FREQUENCY ANALYSIS
Words repeated MORE than 2 times across all headers:
======================================================================
  No words repeated more than 2 times.
======================================================================

======================================================================
TEST COMPLETED SUCCESSFULLY!
======================================================================

]]></system-out>
  </testcase>
  <testcase name="scrapeAndAnalyzeOpinionSection" classname="com.assignment.tests.TestSelenium" time="73.127">
    <system-out><![CDATA[
Translating article #5...
  Original (ES): PP y PSOE enamorados (o el milagro de San Valentín)
  Translated (EN): PP and PSOE in love (or the miracle of Valentine's Day)

✓ Translation complete!

[5/5] Analyzing translated headers for word frequency...

======================================================================
WORD FREQUENCY ANALYSIS
Words repeated MORE than 2 times across all headers:
======================================================================
  'the' - appears 3 times
======================================================================

======================================================================
TEST COMPLETED SUCCESSFULLY!
======================================================================

]]></system-out>
  </testcase>
  <testcase name="scrapeAndAnalyzeOpinionSection" classname="com.assignment.tests.TestSelenium" time="76.708">
    <system-out><![CDATA[
Translating article #5...
  Original (ES): PP y PSOE enamorados (o el milagro de San Valentín)
  Translated (EN): PP and PSOE in love (or the miracle of Valentine's Day)

✓ Translation complete!

[5/5] Analyzing translated headers for word frequency...

======================================================================
WORD FREQUENCY ANALYSIS
Words repeated MORE than 2 times across all headers:
======================================================================
  'the' - appears 3 times
======================================================================

======================================================================
TEST COMPLETED SUCCESSFULLY!
======================================================================

]]></system-out>
  </testcase>
</testsuite>