<?xml version="1.0" encoding="UTF-8"?>
<!-- Generated by org.testng.reporters.JUnitReportReporter -->
<testsuite hostname="LAPTOP-27NGFDNH" failures="0" tests="5" name="com.assignment.tests.TestSelenium" time="431.624" errors="0" timestamp="2026-02-15T00:16:29 IST" skipped="0">
  <testcase classname="com.assignment.tests.TestSelenium" name="scrapeAndAnalyzeOpinionSection" time="88.324"/>
  <testcase classname="com.assignment.tests.TestSelenium" name="scrapeAndAnalyzeOpinionSection" time="86.001"/>
  <testcase classname="com.assignment.tests.TestSelenium" name="scrapeAndAnalyzeOpinionSection" time="91.966"/>
  <testcase classname="com.assignment.tests.TestSelenium" name="scrapeAndAnalyzeOpinionSection" time="95.717"/>
  <testcase classname="com.assignment.tests.TestSelenium" name="scrapeAndAnalyzeOpinionSection" time="69.616"/>
</testsuite> <!-- com.assignment.tests.TestSelenium -->
